================================================================================
Number of CPU cores
================================================================================
CPU(s):                          96
On-line CPU(s) list:             0-95
Thread(s) per core:              2
Core(s) per socket:              24
Socket(s):                       2
Model name:                      AMD EPYC 7451 24-Core Processor
NUMA node0 CPU(s):               0,8,16,24,32,40,48,56,64,72,80,88
NUMA node1 CPU(s):               2,10,18,26,34,42,50,58,66,74,82,90
NUMA node2 CPU(s):               4,12,20,28,36,44,52,60,68,76,84,92
NUMA node3 CPU(s):               6,14,22,30,38,46,54,62,70,78,86,94
NUMA node4 CPU(s):               1,9,17,25,33,41,49,57,65,73,81,89
NUMA node5 CPU(s):               3,11,19,27,35,43,51,59,67,75,83,91
NUMA node6 CPU(s):               5,13,21,29,37,45,53,61,69,77,85,93
NUMA node7 CPU(s):               7,15,23,31,39,47,55,63,71,79,87,95
================================================================================
CPU Type
================================================================================
Model name:                      AMD EPYC 7451 24-Core Processor
CPU MHz:                         2884.425
================================================================================
Disk Amount
================================================================================
Filesystem                         Size  Used Avail Use% Mounted on
udev                               252G     0  252G   0% /dev
tmpfs                               51G  2.6M   51G   1% /run
/dev/mapper/ubuntu--vg-ubuntu--lv  438G   54G  361G  14% /
tmpfs                              252G  1.1M  252G   1% /dev/shm
tmpfs                              5.0M     0  5.0M   0% /run/lock
tmpfs                              252G     0  252G   0% /sys/fs/cgroup
/dev/sda2                          976M  457M  453M  51% /boot
/dev/mapper/vg_data-lv_data         30T   30G   29T   1% /data
/dev/sda1                          511M  5.3M  506M   2% /boot/efi
129.16.29.97:/datainbackup          24T  4.0T   21T  17% /bayes_datainbackup
129.16.29.97:/data                  73T  4.3T   68T   6% /bayes_data
/dev/loop4                          56M   56M     0 100% /snap/core18/2284
/dev/loop9                         111M  111M     0 100% /snap/core/12725
/dev/loop2                          62M   62M     0 100% /snap/core20/1361
/dev/loop8                          68M   68M     0 100% /snap/lxd/22526
/dev/loop3                          62M   62M     0 100% /snap/core20/1376
/dev/loop0                         111M  111M     0 100% /snap/core/12821
/dev/loop5                          56M   56M     0 100% /snap/core18/2344
/dev/loop1                          68M   68M     0 100% /snap/lxd/22753
tmpfs                               51G     0   51G   0% /run/user/65534
total                              127T  8.4T  119T   7% -
================================================================================
Login shell memory
================================================================================

