================================================================================
Number of CPU cores
================================================================================
CPU(s):                          48
On-line CPU(s) list:             0-47
Thread(s) per core:              2
Core(s) per socket:              12
Socket(s):                       2
NUMA node0 CPU(s):               0,2,4,6,8,10,12,14,16,18,20,22,24,26,28,30,32,34,36,38,40,42,44,46
NUMA node1 CPU(s):               1,3,5,7,9,11,13,15,17,19,21,23,25,27,29,31,33,35,37,39,41,43,45,47
================================================================================
CPU Type
================================================================================
Model name:                      Intel(R) Xeon(R) Gold 6126 CPU @ 2.60GHz
CPU MHz:                         1000.122
CPU max MHz:                     3700.0000
CPU min MHz:                     1000.0000
================================================================================
Disk Amount
================================================================================
Filesystem                           Size  Used Avail Use% Mounted on
udev                                 378G     0  378G   0% /dev
tmpfs                                 76G  3.2M   76G   1% /run
/dev/mapper/ubuntu--vg-ubuntu--lv    109G   88G   17G  85% /
tmpfs                                378G   88M  378G   1% /dev/shm
tmpfs                                5.0M     0  5.0M   0% /run/lock
tmpfs                                378G     0  378G   0% /sys/fs/cgroup
/dev/sda2                            976M  287M  623M  32% /boot
/dev/loop2                            56M   56M     0 100% /snap/core18/2284
/dev/mapper/vg_data-lv_datainbackup   24T  4.0T   21T  17% /datainbackup
/dev/mapper/vg_data-lv_data           73T  4.3T   68T   6% /data
tmpfs                                 76G   20K   76G   1% /run/user/128
tmpfs                                 76G     0   76G   0% /run/user/8791
tmpfs                                 76G     0   76G   0% /run/user/30122
/dev/loop8                           111M  111M     0 100% /snap/core/12725
/dev/loop1                            62M   62M     0 100% /snap/core20/1361
tmpfs                                 76G  4.0K   76G   1% /run/user/231489
/dev/loop3                            44M   44M     0 100% /snap/certbot/1842
/dev/loop0                            62M   62M     0 100% /snap/core20/1376
/dev/loop4                           111M  111M     0 100% /snap/core/12821
/dev/loop6                            44M   44M     0 100% /snap/certbot/1888
/dev/loop7                            56M   56M     0 100% /snap/core18/2344
tmpfs                                 76G  4.0K   76G   1% /run/user/21565
tmpfs                                 76G  4.0K   76G   1% /run/user/5598
tmpfs                                 76G  4.0K   76G   1% /run/user/6338
tmpfs                                 76G  4.0K   76G   1% /run/user/1948
tmpfs                                 76G  4.0K   76G   1% /run/user/24531
tmpfs                                 76G  4.0K   76G   1% /run/user/13738
tmpfs                                 76G  4.0K   76G   1% /run/user/19920
tmpfs                                 76G  4.0K   76G   1% /run/user/10627
total                                 99T  8.4T   91T   9% -
================================================================================
Login shell memory
================================================================================
1.7
